<?xml version="1.0" encoding="UTF-8"?>
<testng-results ignored="0" total="1" passed="1" failed="0" skipped="0">
  <reporter-output>
  </reporter-output>
  <suite started-at="2022-03-14T11:34:04 IST" name="Default suite" finished-at="2022-03-14T11:34:06 IST" duration-ms="2130">
    <groups>
    </groups>
    <test started-at="2022-03-14T11:34:04 IST" name="Default test" finished-at="2022-03-14T11:34:06 IST" duration-ms="2130">
      <class name="com.dmsApi.test.BaseTest">
        <test-method signature="run(java.lang.reflect.Method)[pri:0, instance:com.dmsApi.test.BaseTest@53251a66]" started-at="2022-03-14T11:34:04 IST" name="run" finished-at="2022-03-14T11:34:06 IST" duration-ms="2110" status="PASS">
          <params>
            <param index="0">
              <value>
                <![CDATA[public void com.dmsApi.test.BaseTest.run(java.lang.reflect.Method)]]>
              </value>
            </param>
          </params>
          <reporter-output>
          </reporter-output>
        </test-method> <!-- run -->
      </class> <!-- com.dmsApi.test.BaseTest -->
    </test> <!-- Default test -->
  </suite> <!-- Default suite -->
</testng-results>
